SF:lib/application/food_recognition/food_recognition_state.dart
DA:15,1
DA:21,1
LF:2
LH:2
end_of_record
SF:lib/application/food_recognition/food_recognition_store.dart
DA:9,1
DA:11,2
DA:13,1
DA:14,2
DA:15,3
DA:16,2
DA:17,2
DA:18,2
LF:8
LH:8
end_of_record
SF:lib/core/food_recognition_failures.dart
DA:1,3
LF:1
LH:1
end_of_record
SF:lib/domain/food_recognition_usecase.dart
DA:14,1
DA:18,1
DA:21,2
DA:22,1
DA:23,1
DA:24,2
DA:26,1
DA:28,1
DA:29,2
DA:30,1
DA:31,2
DA:32,1
DA:34,1
DA:40,1
DA:41,1
DA:44,2
LF:16
LH:16
end_of_record
SF:lib/domain/food_recognition.dart
DA:7,6
DA:12,2
DA:13,2
DA:14,2
DA:15,2
LF:5
LH:5
end_of_record
SF:lib/domain/food_recognition_value_transformers.dart
DA:3,1
DA:7,2
DA:8,1
DA:12,1
DA:13,2
DA:14,1
DA:16,1
DA:19,1
DA:20,1
DA:23,1
DA:30,1
DA:34,1
DA:35,4
DA:38,3
DA:40,1
DA:44,1
LF:16
LH:16
end_of_record
SF:lib/datasource/tflite/food_recognition_tflite_data_source.dart
DA:8,1
DA:11,1
DA:12,2
DA:20,1
DA:21,1
DA:25,1
DA:26,2
DA:27,1
DA:30,1
LF:9
LH:9
end_of_record
SF:lib/infrastructure/food_recognition_dto.dart
DA:9,3
DA:14,2
DA:15,1
DA:16,1
DA:19,2
DA:20,2
DA:21,3
DA:24,1
DA:25,1
DA:26,1
DA:27,1
LF:11
LH:11
end_of_record
SF:lib/infrastructure/food_recognition_repository.dart
DA:12,1
DA:16,1
DA:18,3
DA:20,1
DA:22,1
DA:23,2
DA:25,1
DA:27,1
DA:28,1
LF:9
LH:9
end_of_record
